HyperCasualGame/Temp/gradleOut/unityLibrary/build/intermediates/manifest_merge_blame_file/release/manifest-merger-blame-release-report.txt
1<?xml version="1.0" encoding="utf-8"?>
2<manifest xmlns:android="http://schemas.android.com/apk/res/android"
3    package="com.unity3d.player"
4    android:installLocation="preferExternal"
5    android:versionCode="1"
6    android:versionName="0.1" >
7
8    <uses-sdk
9        android:minSdkVersion="19"
9-->src\main\AndroidManifest.xml
10        android:targetSdkVersion="30" />
10-->src\main\AndroidManifest.xml
11
12    <supports-screens
12-->src\main\AndroidManifest.xml:3:3-163
13        android:anyDensity="true"
13-->src\main\AndroidManifest.xml:3:135-160
14        android:largeScreens="true"
14-->src\main\AndroidManifest.xml:3:78-105
15        android:normalScreens="true"
15-->src\main\AndroidManifest.xml:3:49-77
16        android:smallScreens="true"
16-->src\main\AndroidManifest.xml:3:21-48
17        android:xlargeScreens="true" />
17-->src\main\AndroidManifest.xml:3:106-134
18
19    <uses-feature android:glEsVersion="0x00030000" />
19-->src\main\AndroidManifest.xml:30:3-52
19-->src\main\AndroidManifest.xml:30:17-49
20    <uses-feature
20-->src\main\AndroidManifest.xml:31:3-91
21        android:name="android.hardware.vulkan.version"
21-->src\main\AndroidManifest.xml:31:17-63
22        android:required="false" />
22-->src\main\AndroidManifest.xml:31:64-88
23
24    <uses-permission android:name="android.permission.INTERNET" />
24-->src\main\AndroidManifest.xml:32:3-65
24-->src\main\AndroidManifest.xml:32:20-62
25
26    <uses-feature
26-->src\main\AndroidManifest.xml:33:3-88
27        android:name="android.hardware.touchscreen"
27-->src\main\AndroidManifest.xml:33:17-60
28        android:required="false" />
28-->src\main\AndroidManifest.xml:33:61-85
29    <uses-feature
29-->src\main\AndroidManifest.xml:34:3-99
30        android:name="android.hardware.touchscreen.multitouch"
30-->src\main\AndroidManifest.xml:34:17-71
31        android:required="false" />
31-->src\main\AndroidManifest.xml:34:72-96
32    <uses-feature
32-->src\main\AndroidManifest.xml:35:3-108
33        android:name="android.hardware.touchscreen.multitouch.distinct"
33-->src\main\AndroidManifest.xml:35:17-80
34        android:required="false" />
34-->src\main\AndroidManifest.xml:35:81-105
35
36    <application
36-->src\main\AndroidManifest.xml:4:3-29:17
37        android:debuggable="true"
37-->src\main\AndroidManifest.xml:4:108-133
38        android:icon="@mipmap/app_icon"
38-->src\main\AndroidManifest.xml:4:134-165
39        android:label="@string/app_name"
39-->src\main\AndroidManifest.xml:4:75-107
40        android:theme="@android:style/Theme.NoTitleBar.Fullscreen" >
40-->src\main\AndroidManifest.xml:4:16-74
41        <activity
41-->src\main\AndroidManifest.xml:5:5-12:16
42            android:name="com.unity3d.player.UnityPlayerActivity"
42-->src\main\AndroidManifest.xml:5:15-68
43            android:configChanges="mcc|mnc|locale|touchscreen|keyboard|keyboardHidden|navigation|orientation|screenLayout|uiMode|screenSize|smallestScreenSize|fontScale|layoutDirection|density"
43-->src\main\AndroidManifest.xml:5:171-352
44            android:hardwareAccelerated="false"
44-->src\main\AndroidManifest.xml:5:388-423
45            android:label="@string/app_name"
45-->src\main\AndroidManifest.xml:5:69-101
46            android:launchMode="singleTask"
46-->src\main\AndroidManifest.xml:5:139-170
47            android:resizeableActivity="false"
47-->src\main\AndroidManifest.xml:5:353-387
48            android:screenOrientation="fullUser" >
48-->src\main\AndroidManifest.xml:5:102-138
49            <intent-filter>
49-->src\main\AndroidManifest.xml:6:7-9:23
50                <action android:name="android.intent.action.MAIN" />
50-->src\main\AndroidManifest.xml:7:9-61
50-->src\main\AndroidManifest.xml:7:17-58
51
52                <category android:name="android.intent.category.LAUNCHER" />
52-->src\main\AndroidManifest.xml:8:9-69
52-->src\main\AndroidManifest.xml:8:19-66
53            </intent-filter>
54
55            <meta-data
55-->src\main\AndroidManifest.xml:10:7-82
56                android:name="unityplayer.UnityActivity"
56-->src\main\AndroidManifest.xml:10:18-58
57                android:value="true" />
57-->src\main\AndroidManifest.xml:10:59-79
58            <meta-data
58-->src\main\AndroidManifest.xml:11:7-78
59                android:name="android.notch_support"
59-->src\main\AndroidManifest.xml:11:18-54
60                android:value="true" />
60-->src\main\AndroidManifest.xml:11:55-75
61        </activity>
62        <activity
62-->src\main\AndroidManifest.xml:13:5-301
63            android:name="com.facebook.unity.FBUnityLoginActivity"
63-->src\main\AndroidManifest.xml:13:15-69
64            android:configChanges="fontScale|keyboard|keyboardHidden|locale|mnc|mcc|navigation|orientation|screenLayout|screenSize|smallestScreenSize|uiMode|touchscreen"
64-->src\main\AndroidManifest.xml:13:70-227
65            android:theme="@android:style/Theme.Translucent.NoTitleBar.Fullscreen" />
65-->src\main\AndroidManifest.xml:13:228-298
66        <activity
66-->src\main\AndroidManifest.xml:14:5-303
67            android:name="com.facebook.unity.FBUnityDialogsActivity"
67-->src\main\AndroidManifest.xml:14:15-71
68            android:configChanges="fontScale|keyboard|keyboardHidden|locale|mnc|mcc|navigation|orientation|screenLayout|screenSize|smallestScreenSize|uiMode|touchscreen"
68-->src\main\AndroidManifest.xml:14:72-229
69            android:theme="@android:style/Theme.Translucent.NoTitleBar.Fullscreen" />
69-->src\main\AndroidManifest.xml:14:230-300
70        <activity
70-->src\main\AndroidManifest.xml:15:5-322
71            android:name="com.facebook.unity.FBUnityGamingServicesFriendFinderActivity"
71-->src\main\AndroidManifest.xml:15:15-90
72            android:configChanges="fontScale|keyboard|keyboardHidden|locale|mnc|mcc|navigation|orientation|screenLayout|screenSize|smallestScreenSize|uiMode|touchscreen"
72-->src\main\AndroidManifest.xml:15:91-248
73            android:theme="@android:style/Theme.Translucent.NoTitleBar.Fullscreen" />
73-->src\main\AndroidManifest.xml:15:249-319
74        <activity
74-->src\main\AndroidManifest.xml:16:5-98
75            android:name="com.facebook.unity.FBUnityAppLinkActivity"
75-->src\main\AndroidManifest.xml:16:15-71
76            android:exported="true" />
76-->src\main\AndroidManifest.xml:16:72-95
77        <activity
77-->src\main\AndroidManifest.xml:17:5-102
78            android:name="com.facebook.unity.FBUnityDeepLinkingActivity"
78-->src\main\AndroidManifest.xml:17:15-75
79            android:exported="true" />
79-->src\main\AndroidManifest.xml:17:76-99
80        <activity android:name="com.facebook.unity.FBUnityGameRequestActivity" />
80-->src\main\AndroidManifest.xml:18:5-78
80-->src\main\AndroidManifest.xml:18:15-75
81
82        <meta-data
82-->src\main\AndroidManifest.xml:19:5-99
83            android:name="com.facebook.sdk.ApplicationId"
83-->src\main\AndroidManifest.xml:19:16-61
84            android:value="fb3163229147228327" />
84-->src\main\AndroidManifest.xml:19:62-96
85        <meta-data
85-->src\main\AndroidManifest.xml:20:5-111
86            android:name="com.facebook.sdk.ClientToken"
86-->src\main\AndroidManifest.xml:20:16-59
87            android:value="4c1fb6e5e0b951c985422158a9f49402" />
87-->src\main\AndroidManifest.xml:20:60-108
88        <meta-data
88-->src\main\AndroidManifest.xml:21:5-95
89            android:name="com.facebook.sdk.AutoLogAppEventsEnabled"
89-->src\main\AndroidManifest.xml:21:16-71
90            android:value="true" />
90-->src\main\AndroidManifest.xml:21:72-92
91        <meta-data
91-->src\main\AndroidManifest.xml:22:5-101
92            android:name="com.facebook.sdk.AdvertiserIDCollectionEnabled"
92-->src\main\AndroidManifest.xml:22:16-77
93            android:value="true" />
93-->src\main\AndroidManifest.xml:22:78-98
94
95        <provider
95-->src\main\AndroidManifest.xml:23:5-172
96            android:name="com.facebook.FacebookContentProvider"
96-->src\main\AndroidManifest.xml:23:15-66
97            android:authorities="com.facebook.app.FacebookContentProvider3163229147228327"
97-->src\main\AndroidManifest.xml:23:67-145
98            android:exported="true" />
98-->src\main\AndroidManifest.xml:23:146-169
99
100        <meta-data
100-->src\main\AndroidManifest.xml:24:5-69
101            android:name="unity.splash-mode"
101-->src\main\AndroidManifest.xml:24:16-48
102            android:value="0" />
102-->src\main\AndroidManifest.xml:24:49-66
103        <meta-data
103-->src\main\AndroidManifest.xml:25:5-74
104            android:name="unity.splash-enable"
104-->src\main\AndroidManifest.xml:25:16-50
105            android:value="True" />
105-->src\main\AndroidManifest.xml:25:51-71
106        <meta-data
106-->src\main\AndroidManifest.xml:26:5-84
107            android:name="unity.allow-resizable-window"
107-->src\main\AndroidManifest.xml:26:16-59
108            android:value="False" />
108-->src\main\AndroidManifest.xml:26:60-81
109        <meta-data
109-->src\main\AndroidManifest.xml:27:5-81
110            android:name="notch.config"
110-->src\main\AndroidManifest.xml:27:16-43
111            android:value="portrait|landscape" />
111-->src\main\AndroidManifest.xml:27:44-78
112        <meta-data
112-->src\main\AndroidManifest.xml:28:5-101
113            android:name="unity.build-id"
113-->src\main\AndroidManifest.xml:28:16-45
114            android:value="fdd65dd9-0456-469c-ba21-4656ad4b6489" />
114-->src\main\AndroidManifest.xml:28:46-98
115    </application>
116
117</manifest>